[4546:259:1213/024453.298070:WARNING:chrome_main_delegate.cc(672)] This is Chrome version 131.0.6778.140 (not a warning)
[4546:259:1213/024454.237309:INFO:chrome_browser_cloud_management_controller.cc(196)] No machine level policy manager exists.
[4567:259:1213/024454.469361:WARNING:viz_main_impl.cc(85)] VizNullHypothesis is disabled (not a warning)
[4546:259:1213/024459.864154:INFO:CONSOLE(2736)] "quill Overwriting modules/clipboard with class extends n{onPaste(t){var e
if(null===(e=t.clipboardData)||void 0===e?void 0:e.getData("text/link-preview")){const e=this.quill.getSelection()
if(!e)return super.onPaste(t)
t.preventDefault()
const n=t.clipboardData.getData("text/plain"),s=(new i).retain(e.index).delete(e.length).insert(n)
this.quill.updateContents(s,"silent")
const r=n.length+e.index,o=0
this.quill.setSelection(r,o,"silent")}return super.onPaste(t)}}", source: https://static.licdn.com/aero-v1/sc/h/7gze8uur9bbrfluia4fyfzk0s (2736)
[4546:259:1213/024459.870276:INFO:CONSOLE(3276)] "Listener added for a 'DOMNodeInserted' mutation event. Support for this event type has been removed, and this event will no longer be fired. See https://chromestatus.com/feature/5083947249172480 for more information.", source: https://static.licdn.com/aero-v1/sc/h/7gze8uur9bbrfluia4fyfzk0s (3276)
[4568:14339:1213/024500.569685:WARNING:spdy_session.cc(2975)] Received HEADERS for invalid stream 37
[4647:259:1213/024501.173808:ERROR:system_services.cc(31)] SetApplicationIsDaemon: Error Domain=NSOSStatusErrorDomain Code=-50 "paramErr: error in user parameter list" (-50)
[4546:259:1213/024501.747031:INFO:CONSOLE(3)] "Error", source: https://client.protechts.net/PXdOjV695v/main.min.js (3)
[4567:259:1213/024502.493877:WARNING:angle_platform_impl.cc(49)] SizedMRUCache.h:150 (TrimCache): Overflowed the metal library cache limit of 64 elements, removing the least recently used to make room.
[4605:143395:1213/024502.583383:INFO:peer_connection_dependency_factory.cc(744)] Running WebRTC with a combined Network and Worker thread.
[4605:143395:1213/024502.604466:WARNING:codec.cc(386)] Explicitly added H264 constrained baseline to list of supported formats.
[4567:259:1213/024502.667348:WARNING:angle_platform_impl.cc(49)] SizedMRUCache.h:150 (TrimCache): Overflowed the render pipeline cache limit of 64 elements, removing the least recently used to make room.
[4546:259:1213/024502.901591:INFO:CONSOLE(8)] "visitor.publishDestinations() result: The destination publishing iframe is already attached and loaded.", source: https://platform.linkedin.com/litms/utag/voyager-web-feed/utag.js?cb=1734075900000 (8)
[4546:259:1213/024502.930652:INFO:CONSOLE(54)] "Refused to create a TrustedTypePolicy named 'goog#html' because it violates the following Content Security Policy directive: "trusted-types 'allow-duplicates' default jSecure highcharts dompurify".", source: https://www.googletagmanager.com/gtag/js (54)
[4546:259:1213/024503.098778:INFO:CONSOLE(491)] "Ishita logged this : going to add gclid_len : commonUtils.getIframingState(dom.getWindow()) =  0", source: https://www.googletagmanager.com/gtag/js?id=AW-867846157&l=dataLayer&cx=c&gtm=453e4cc0za200 (491)
[4546:259:1213/024503.099158:INFO:CONSOLE(492)] "Ishita logged this : after adding gclid_len : commonUtils.getIframingState(dom.getWindow()) =  0", source: https://www.googletagmanager.com/gtag/js?id=AW-867846157&l=dataLayer&cx=c&gtm=453e4cc0za200 (492)
[4546:259:1213/024503.099970:INFO:CONSOLE(493)] "Ishita logged this : in the else block", source: https://www.googletagmanager.com/gtag/js?id=AW-867846157&l=dataLayer&cx=c&gtm=453e4cc0za200 (493)
[4546:259:1213/024503.100353:INFO:CONSOLE(493)] "Ishita logged this : commonUtils.getIframingState(dom.getWindow()) =  0", source: https://www.googletagmanager.com/gtag/js?id=AW-867846157&l=dataLayer&cx=c&gtm=453e4cc0za200 (493)
[4546:259:1213/024503.100516:INFO:CONSOLE(493)] "Ishita logged this : calling the local storage function.", source: https://www.googletagmanager.com/gtag/js?id=AW-867846157&l=dataLayer&cx=c&gtm=453e4cc0za200 (493)
[4546:259:1213/024503.378201:INFO:CONSOLE(491)] "Ishita logged this : going to add gclid_len : commonUtils.getIframingState(dom.getWindow()) =  0", source: https://www.googletagmanager.com/gtag/js?id=AW-867846157&l=dataLayer&cx=c&gtm=453e4cc0za200 (491)
[4546:259:1213/024503.378493:INFO:CONSOLE(492)] "Ishita logged this : after adding gclid_len : commonUtils.getIframingState(dom.getWindow()) =  0", source: https://www.googletagmanager.com/gtag/js?id=AW-867846157&l=dataLayer&cx=c&gtm=453e4cc0za200 (492)
[4546:259:1213/024503.379824:INFO:CONSOLE(493)] "Ishita logged this : in the else block", source: https://www.googletagmanager.com/gtag/js?id=AW-867846157&l=dataLayer&cx=c&gtm=453e4cc0za200 (493)
[4546:259:1213/024503.380185:INFO:CONSOLE(493)] "Ishita logged this : commonUtils.getIframingState(dom.getWindow()) =  0", source: https://www.googletagmanager.com/gtag/js?id=AW-867846157&l=dataLayer&cx=c&gtm=453e4cc0za200 (493)
[4546:259:1213/024503.382374:INFO:CONSOLE(491)] "Ishita logged this : going to add gclid_len : commonUtils.getIframingState(dom.getWindow()) =  0", source: https://www.googletagmanager.com/gtag/js?id=AW-867846157&l=dataLayer&cx=c&gtm=453e4cc0za200 (491)
[4546:259:1213/024503.382625:INFO:CONSOLE(492)] "Ishita logged this : after adding gclid_len : commonUtils.getIframingState(dom.getWindow()) =  0", source: https://www.googletagmanager.com/gtag/js?id=AW-867846157&l=dataLayer&cx=c&gtm=453e4cc0za200 (492)
[4546:259:1213/024503.383080:INFO:CONSOLE(493)] "Ishita logged this : in the else block", source: https://www.googletagmanager.com/gtag/js?id=AW-867846157&l=dataLayer&cx=c&gtm=453e4cc0za200 (493)
[4546:259:1213/024503.383210:INFO:CONSOLE(493)] "Ishita logged this : commonUtils.getIframingState(dom.getWindow()) =  0", source: https://www.googletagmanager.com/gtag/js?id=AW-867846157&l=dataLayer&cx=c&gtm=453e4cc0za200 (493)
[4546:259:1213/024503.390440:INFO:CONSOLE(135)] "Refused to create a TrustedTypePolicy named 'goog#html' because it violates the following Content Security Policy directive: "trusted-types 'allow-duplicates' default jSecure highcharts dompurify".", source: https://www.googletagmanager.com/gtag/js?id=AW-867846157&l=dataLayer&cx=c&gtm=453e4cc0za200 (135)
[4546:259:1213/024503.396800:INFO:CONSOLE(491)] "Ishita logged this : going to add gclid_len : commonUtils.getIframingState(dom.getWindow()) =  0", source: https://www.googletagmanager.com/gtag/js?id=AW-867846157&l=dataLayer&cx=c&gtm=453e4cc0za200 (491)
[4546:259:1213/024503.396868:INFO:CONSOLE(492)] "Ishita logged this : after adding gclid_len : commonUtils.getIframingState(dom.getWindow()) =  0", source: https://www.googletagmanager.com/gtag/js?id=AW-867846157&l=dataLayer&cx=c&gtm=453e4cc0za200 (492)
[4546:259:1213/024503.398149:INFO:CONSOLE(493)] "Ishita logged this : in the else block", source: https://www.googletagmanager.com/gtag/js?id=AW-867846157&l=dataLayer&cx=c&gtm=453e4cc0za200 (493)
[4546:259:1213/024503.398180:INFO:CONSOLE(493)] "Ishita logged this : commonUtils.getIframingState(dom.getWindow()) =  0", source: https://www.googletagmanager.com/gtag/js?id=AW-867846157&l=dataLayer&cx=c&gtm=453e4cc0za200 (493)
[4546:259:1213/024503.398199:INFO:CONSOLE(493)] "Ishita logged this : calling the local storage function.", source: https://www.googletagmanager.com/gtag/js?id=AW-867846157&l=dataLayer&cx=c&gtm=453e4cc0za200 (493)
[4546:259:1213/024503.464005:WARNING:capture_device_ranking.h(255)] Can't initialize the value of media.audio_input.user_preference_ranking because media.default_audio_capture_device isn't registered or is empty
[4546:259:1213/024503.464930:WARNING:capture_device_ranking.h(255)] Can't initialize the value of media.video_input.user_preference_ranking because media.default_video_capture_Device isn't registered or is empty
[4546:259:1213/024508.475108:INFO:CONSOLE(3)] "Error", source: https://client.protechts.net/PXdOjV695v/main.min.js (3)
[4605:143395:1213/024509.085615:INFO:peer_connection_dependency_factory.cc(744)] Running WebRTC with a combined Network and Worker thread.
[4605:143395:1213/024509.086276:WARNING:codec.cc(386)] Explicitly added H264 constrained baseline to list of supported formats.
[4546:259:1213/024509.532499:INFO:CONSOLE(54)] "Refused to create a TrustedTypePolicy named 'goog#html' because it violates the following Content Security Policy directive: "trusted-types 'allow-duplicates' default jSecure highcharts dompurify".", source: https://www.googletagmanager.com/gtag/js (54)
[4546:259:1213/024509.540300:INFO:CONSOLE(461)] "Ishita logged this : going to add gclid_len : commonUtils.getIframingState(dom.getWindow()) =  0", source: https://www.googletagmanager.com/gtag/js?id=AW-851212376&l=dataLayer&cx=c&gtm=453e4cc0za200 (461)
[4546:259:1213/024509.540372:INFO:CONSOLE(462)] "Ishita logged this : after adding gclid_len : commonUtils.getIframingState(dom.getWindow()) =  0", source: https://www.googletagmanager.com/gtag/js?id=AW-851212376&l=dataLayer&cx=c&gtm=453e4cc0za200 (462)
[4546:259:1213/024509.540407:INFO:CONSOLE(463)] "Ishita logged this : in the else block", source: https://www.googletagmanager.com/gtag/js?id=AW-851212376&l=dataLayer&cx=c&gtm=453e4cc0za200 (463)
[4546:259:1213/024509.540430:INFO:CONSOLE(463)] "Ishita logged this : commonUtils.getIframingState(dom.getWindow()) =  0", source: https://www.googletagmanager.com/gtag/js?id=AW-851212376&l=dataLayer&cx=c&gtm=453e4cc0za200 (463)
[4546:259:1213/024509.540450:INFO:CONSOLE(463)] "Ishita logged this : calling the local storage function.", source: https://www.googletagmanager.com/gtag/js?id=AW-851212376&l=dataLayer&cx=c&gtm=453e4cc0za200 (463)
[4546:259:1213/024509.540470:INFO:CONSOLE(461)] "Ishita logged this : going to add gclid_len : commonUtils.getIframingState(dom.getWindow()) =  0", source: https://www.googletagmanager.com/gtag/js?id=AW-851212376&l=dataLayer&cx=c&gtm=453e4cc0za200 (461)
[4546:259:1213/024509.540490:INFO:CONSOLE(462)] "Ishita logged this : after adding gclid_len : commonUtils.getIframingState(dom.getWindow()) =  0", source: https://www.googletagmanager.com/gtag/js?id=AW-851212376&l=dataLayer&cx=c&gtm=453e4cc0za200 (462)
[4546:259:1213/024509.540519:INFO:CONSOLE(463)] "Ishita logged this : in the else block", source: https://www.googletagmanager.com/gtag/js?id=AW-851212376&l=dataLayer&cx=c&gtm=453e4cc0za200 (463)
[4546:259:1213/024509.540540:INFO:CONSOLE(463)] "Ishita logged this : commonUtils.getIframingState(dom.getWindow()) =  0", source: https://www.googletagmanager.com/gtag/js?id=AW-851212376&l=dataLayer&cx=c&gtm=453e4cc0za200 (463)
[4546:259:1213/024509.540589:INFO:CONSOLE(461)] "Ishita logged this : going to add gclid_len : commonUtils.getIframingState(dom.getWindow()) =  0", source: https://www.googletagmanager.com/gtag/js?id=AW-851212376&l=dataLayer&cx=c&gtm=453e4cc0za200 (461)
[4546:259:1213/024509.540612:INFO:CONSOLE(462)] "Ishita logged this : after adding gclid_len : commonUtils.getIframingState(dom.getWindow()) =  0", source: https://www.googletagmanager.com/gtag/js?id=AW-851212376&l=dataLayer&cx=c&gtm=453e4cc0za200 (462)
[4546:259:1213/024509.540626:INFO:CONSOLE(463)] "Ishita logged this : in the else block", source: https://www.googletagmanager.com/gtag/js?id=AW-851212376&l=dataLayer&cx=c&gtm=453e4cc0za200 (463)
[4546:259:1213/024509.540638:INFO:CONSOLE(463)] "Ishita logged this : commonUtils.getIframingState(dom.getWindow()) =  0", source: https://www.googletagmanager.com/gtag/js?id=AW-851212376&l=dataLayer&cx=c&gtm=453e4cc0za200 (463)
[4546:259:1213/024509.540653:INFO:CONSOLE(109)] "Refused to create a TrustedTypePolicy named 'goog#html' because it violates the following Content Security Policy directive: "trusted-types 'allow-duplicates' default jSecure highcharts dompurify".", source: https://www.googletagmanager.com/gtag/js?id=AW-851212376&l=dataLayer&cx=c&gtm=453e4cc0za200 (109)
[4546:259:1213/024509.542508:INFO:CONSOLE(461)] "Ishita logged this : going to add gclid_len : commonUtils.getIframingState(dom.getWindow()) =  0", source: https://www.googletagmanager.com/gtag/js?id=AW-851212376&l=dataLayer&cx=c&gtm=453e4cc0za200 (461)
[4546:259:1213/024509.542535:INFO:CONSOLE(462)] "Ishita logged this : after adding gclid_len : commonUtils.getIframingState(dom.getWindow()) =  0", source: https://www.googletagmanager.com/gtag/js?id=AW-851212376&l=dataLayer&cx=c&gtm=453e4cc0za200 (462)
[4546:259:1213/024509.542569:INFO:CONSOLE(463)] "Ishita logged this : in the else block", source: https://www.googletagmanager.com/gtag/js?id=AW-851212376&l=dataLayer&cx=c&gtm=453e4cc0za200 (463)
[4546:259:1213/024509.542584:INFO:CONSOLE(463)] "Ishita logged this : commonUtils.getIframingState(dom.getWindow()) =  0", source: https://www.googletagmanager.com/gtag/js?id=AW-851212376&l=dataLayer&cx=c&gtm=453e4cc0za200 (463)
[4546:259:1213/024509.542597:INFO:CONSOLE(463)] "Ishita logged this : calling the local storage function.", source: https://www.googletagmanager.com/gtag/js?id=AW-851212376&l=dataLayer&cx=c&gtm=453e4cc0za200 (463)
[4546:259:1213/024509.570922:WARNING:capture_device_ranking.h(255)] Can't initialize the value of media.audio_input.user_preference_ranking because media.default_audio_capture_device isn't registered or is empty
[4546:259:1213/024509.570979:WARNING:capture_device_ranking.h(255)] Can't initialize the value of media.video_input.user_preference_ranking because media.default_video_capture_Device isn't registered or is empty
[4546:259:1213/024509.788206:INFO:CONSOLE(8)] "visitor.publishDestinations() result: Attempted to attach and load the destination publishing iframe through this API call. Result: The destination publishing iframe was attached and loaded successfully.", source: https://platform.linkedin.com/litms/utag/voyager-web-jobs/utag.js?cb=1734075900000 (8)
[4605:160259:1213/024514.737057:WARNING:webrtc_voice_engine.cc(808)] Attempting to stop aecdump when no audio processing module is present
[4568:14339:1213/024517.978324:WARNING:spdy_session.cc(2975)] Received HEADERS for invalid stream 197
[4568:14339:1213/024518.064518:WARNING:spdy_session.cc(2975)] Received HEADERS for invalid stream 203
[4546:259:1213/024520.532126:INFO:CONSOLE(461)] "Ishita logged this : going to add gclid_len : commonUtils.getIframingState(dom.getWindow()) =  0", source: https://www.googletagmanager.com/gtag/js?id=AW-851212376&l=dataLayer&cx=c&gtm=453e4cc0za200 (461)
[4546:259:1213/024520.532395:INFO:CONSOLE(462)] "Ishita logged this : after adding gclid_len : commonUtils.getIframingState(dom.getWindow()) =  0", source: https://www.googletagmanager.com/gtag/js?id=AW-851212376&l=dataLayer&cx=c&gtm=453e4cc0za200 (462)
[4546:259:1213/024520.532563:INFO:CONSOLE(463)] "Ishita logged this : in the else block", source: https://www.googletagmanager.com/gtag/js?id=AW-851212376&l=dataLayer&cx=c&gtm=453e4cc0za200 (463)
[4546:259:1213/024520.532641:INFO:CONSOLE(463)] "Ishita logged this : commonUtils.getIframingState(dom.getWindow()) =  0", source: https://www.googletagmanager.com/gtag/js?id=AW-851212376&l=dataLayer&cx=c&gtm=453e4cc0za200 (463)
[4546:259:1213/024520.532730:INFO:CONSOLE(463)] "Ishita logged this : calling the local storage function.", source: https://www.googletagmanager.com/gtag/js?id=AW-851212376&l=dataLayer&cx=c&gtm=453e4cc0za200 (463)
[4546:259:1213/024520.579672:INFO:CONSOLE(461)] "Ishita logged this : going to add gclid_len : commonUtils.getIframingState(dom.getWindow()) =  0", source: https://www.googletagmanager.com/gtag/js?id=AW-851212376&l=dataLayer&cx=c&gtm=453e4cc0za200 (461)
[4546:259:1213/024520.579769:INFO:CONSOLE(462)] "Ishita logged this : after adding gclid_len : commonUtils.getIframingState(dom.getWindow()) =  0", source: https://www.googletagmanager.com/gtag/js?id=AW-851212376&l=dataLayer&cx=c&gtm=453e4cc0za200 (462)
[4546:259:1213/024520.580053:INFO:CONSOLE(463)] "Ishita logged this : in the else block", source: https://www.googletagmanager.com/gtag/js?id=AW-851212376&l=dataLayer&cx=c&gtm=453e4cc0za200 (463)
[4546:259:1213/024520.580138:INFO:CONSOLE(463)] "Ishita logged this : commonUtils.getIframingState(dom.getWindow()) =  0", source: https://www.googletagmanager.com/gtag/js?id=AW-851212376&l=dataLayer&cx=c&gtm=453e4cc0za200 (463)
[4546:259:1213/024520.580543:INFO:CONSOLE(461)] "Ishita logged this : going to add gclid_len : commonUtils.getIframingState(dom.getWindow()) =  0", source: https://www.googletagmanager.com/gtag/js?id=AW-851212376&l=dataLayer&cx=c&gtm=453e4cc0za200 (461)
[4546:259:1213/024520.580642:INFO:CONSOLE(462)] "Ishita logged this : after adding gclid_len : commonUtils.getIframingState(dom.getWindow()) =  0", source: https://www.googletagmanager.com/gtag/js?id=AW-851212376&l=dataLayer&cx=c&gtm=453e4cc0za200 (462)
[4546:259:1213/024520.580860:INFO:CONSOLE(463)] "Ishita logged this : in the else block", source: https://www.googletagmanager.com/gtag/js?id=AW-851212376&l=dataLayer&cx=c&gtm=453e4cc0za200 (463)
[4546:259:1213/024520.580931:INFO:CONSOLE(463)] "Ishita logged this : commonUtils.getIframingState(dom.getWindow()) =  0", source: https://www.googletagmanager.com/gtag/js?id=AW-851212376&l=dataLayer&cx=c&gtm=453e4cc0za200 (463)
[4546:259:1213/024520.585100:INFO:CONSOLE(461)] "Ishita logged this : going to add gclid_len : commonUtils.getIframingState(dom.getWindow()) =  0", source: https://www.googletagmanager.com/gtag/js?id=AW-851212376&l=dataLayer&cx=c&gtm=453e4cc0za200 (461)
[4546:259:1213/024520.585217:INFO:CONSOLE(462)] "Ishita logged this : after adding gclid_len : commonUtils.getIframingState(dom.getWindow()) =  0", source: https://www.googletagmanager.com/gtag/js?id=AW-851212376&l=dataLayer&cx=c&gtm=453e4cc0za200 (462)
[4546:259:1213/024520.585673:INFO:CONSOLE(463)] "Ishita logged this : in the else block", source: https://www.googletagmanager.com/gtag/js?id=AW-851212376&l=dataLayer&cx=c&gtm=453e4cc0za200 (463)
[4546:259:1213/024520.585764:INFO:CONSOLE(463)] "Ishita logged this : commonUtils.getIframingState(dom.getWindow()) =  0", source: https://www.googletagmanager.com/gtag/js?id=AW-851212376&l=dataLayer&cx=c&gtm=453e4cc0za200 (463)
[4546:259:1213/024520.585867:INFO:CONSOLE(463)] "Ishita logged this : calling the local storage function.", source: https://www.googletagmanager.com/gtag/js?id=AW-851212376&l=dataLayer&cx=c&gtm=453e4cc0za200 (463)
[4546:259:1213/024520.599473:INFO:CONSOLE(8)] "visitor.publishDestinations() result: The destination publishing iframe is already attached and loaded.", source: https://platform.linkedin.com/litms/utag/voyager-web-jobs/utag.js?cb=1734075900000 (8)
[4567:259:1213/024553.174700:WARNING:angle_platform_impl.cc(49)] SizedMRUCache.h:150 (TrimCache): Overflowed the render pipeline cache limit of 64 elements, removing the least recently used to make room.
[4546:259:1213/024553.659350:INFO:CONSOLE(8)] "visitor.publishDestinations() result: The destination publishing iframe is already attached and loaded.", source: https://platform.linkedin.com/litms/utag/voyager-web-jobs/utag.js?cb=1734075900000 (8)
[4568:14339:1213/024620.079627:WARNING:spdy_session.cc(2975)] Received HEADERS for invalid stream 5
[4568:14339:1213/024620.081210:WARNING:spdy_session.cc(2975)] Received HEADERS for invalid stream 1
[4568:14339:1213/024620.087068:WARNING:spdy_session.cc(2975)] Received HEADERS for invalid stream 3
[4546:259:1213/024629.464554:INFO:CONSOLE(461)] "Ishita logged this : going to add gclid_len : commonUtils.getIframingState(dom.getWindow()) =  0", source: https://www.googletagmanager.com/gtag/js?id=AW-851212376&l=dataLayer&cx=c&gtm=453e4cc0za200 (461)
[4546:259:1213/024629.464717:INFO:CONSOLE(462)] "Ishita logged this : after adding gclid_len : commonUtils.getIframingState(dom.getWindow()) =  0", source: https://www.googletagmanager.com/gtag/js?id=AW-851212376&l=dataLayer&cx=c&gtm=453e4cc0za200 (462)
[4546:259:1213/024629.465064:INFO:CONSOLE(463)] "Ishita logged this : in the else block", source: https://www.googletagmanager.com/gtag/js?id=AW-851212376&l=dataLayer&cx=c&gtm=453e4cc0za200 (463)
[4546:259:1213/024629.465177:INFO:CONSOLE(463)] "Ishita logged this : commonUtils.getIframingState(dom.getWindow()) =  0", source: https://www.googletagmanager.com/gtag/js?id=AW-851212376&l=dataLayer&cx=c&gtm=453e4cc0za200 (463)
[4546:259:1213/024629.465285:INFO:CONSOLE(463)] "Ishita logged this : calling the local storage function.", source: https://www.googletagmanager.com/gtag/js?id=AW-851212376&l=dataLayer&cx=c&gtm=453e4cc0za200 (463)
[4546:259:1213/024629.509065:INFO:CONSOLE(461)] "Ishita logged this : going to add gclid_len : commonUtils.getIframingState(dom.getWindow()) =  0", source: https://www.googletagmanager.com/gtag/js?id=AW-851212376&l=dataLayer&cx=c&gtm=453e4cc0za200 (461)
[4546:259:1213/024629.509155:INFO:CONSOLE(462)] "Ishita logged this : after adding gclid_len : commonUtils.getIframingState(dom.getWindow()) =  0", source: https://www.googletagmanager.com/gtag/js?id=AW-851212376&l=dataLayer&cx=c&gtm=453e4cc0za200 (462)
[4546:259:1213/024629.509446:INFO:CONSOLE(463)] "Ishita logged this : in the else block", source: https://www.googletagmanager.com/gtag/js?id=AW-851212376&l=dataLayer&cx=c&gtm=453e4cc0za200 (463)
[4546:259:1213/024629.509527:INFO:CONSOLE(463)] "Ishita logged this : commonUtils.getIframingState(dom.getWindow()) =  0", source: https://www.googletagmanager.com/gtag/js?id=AW-851212376&l=dataLayer&cx=c&gtm=453e4cc0za200 (463)
[4546:259:1213/024629.509894:INFO:CONSOLE(461)] "Ishita logged this : going to add gclid_len : commonUtils.getIframingState(dom.getWindow()) =  0", source: https://www.googletagmanager.com/gtag/js?id=AW-851212376&l=dataLayer&cx=c&gtm=453e4cc0za200 (461)
[4546:259:1213/024629.509969:INFO:CONSOLE(462)] "Ishita logged this : after adding gclid_len : commonUtils.getIframingState(dom.getWindow()) =  0", source: https://www.googletagmanager.com/gtag/js?id=AW-851212376&l=dataLayer&cx=c&gtm=453e4cc0za200 (462)
[4546:259:1213/024629.510274:INFO:CONSOLE(463)] "Ishita logged this : in the else block", source: https://www.googletagmanager.com/gtag/js?id=AW-851212376&l=dataLayer&cx=c&gtm=453e4cc0za200 (463)
[4546:259:1213/024629.510354:INFO:CONSOLE(463)] "Ishita logged this : commonUtils.getIframingState(dom.getWindow()) =  0", source: https://www.googletagmanager.com/gtag/js?id=AW-851212376&l=dataLayer&cx=c&gtm=453e4cc0za200 (463)
[4546:259:1213/024629.516542:INFO:CONSOLE(461)] "Ishita logged this : going to add gclid_len : commonUtils.getIframingState(dom.getWindow()) =  0", source: https://www.googletagmanager.com/gtag/js?id=AW-851212376&l=dataLayer&cx=c&gtm=453e4cc0za200 (461)
[4546:259:1213/024629.516641:INFO:CONSOLE(462)] "Ishita logged this : after adding gclid_len : commonUtils.getIframingState(dom.getWindow()) =  0", source: https://www.googletagmanager.com/gtag/js?id=AW-851212376&l=dataLayer&cx=c&gtm=453e4cc0za200 (462)
[4546:259:1213/024629.516926:INFO:CONSOLE(463)] "Ishita logged this : in the else block", source: https://www.googletagmanager.com/gtag/js?id=AW-851212376&l=dataLayer&cx=c&gtm=453e4cc0za200 (463)
[4546:259:1213/024629.517017:INFO:CONSOLE(463)] "Ishita logged this : commonUtils.getIframingState(dom.getWindow()) =  0", source: https://www.googletagmanager.com/gtag/js?id=AW-851212376&l=dataLayer&cx=c&gtm=453e4cc0za200 (463)
[4546:259:1213/024629.517096:INFO:CONSOLE(463)] "Ishita logged this : calling the local storage function.", source: https://www.googletagmanager.com/gtag/js?id=AW-851212376&l=dataLayer&cx=c&gtm=453e4cc0za200 (463)
[4546:259:1213/024629.570446:INFO:CONSOLE(8)] "visitor.publishDestinations() result: The destination publishing iframe is already attached and loaded.", source: https://platform.linkedin.com/litms/utag/voyager-web-jobs/utag.js?cb=1734075900000 (8)
[4546:259:1213/024638.256770:INFO:CONSOLE(461)] "Ishita logged this : going to add gclid_len : commonUtils.getIframingState(dom.getWindow()) =  0", source: https://www.googletagmanager.com/gtag/js?id=AW-851212376&l=dataLayer&cx=c&gtm=453e4cc0za200 (461)
[4546:259:1213/024638.256957:INFO:CONSOLE(462)] "Ishita logged this : after adding gclid_len : commonUtils.getIframingState(dom.getWindow()) =  0", source: https://www.googletagmanager.com/gtag/js?id=AW-851212376&l=dataLayer&cx=c&gtm=453e4cc0za200 (462)
[4546:259:1213/024638.257079:INFO:CONSOLE(463)] "Ishita logged this : in the else block", source: https://www.googletagmanager.com/gtag/js?id=AW-851212376&l=dataLayer&cx=c&gtm=453e4cc0za200 (463)
[4546:259:1213/024638.257165:INFO:CONSOLE(463)] "Ishita logged this : commonUtils.getIframingState(dom.getWindow()) =  0", source: https://www.googletagmanager.com/gtag/js?id=AW-851212376&l=dataLayer&cx=c&gtm=453e4cc0za200 (463)
[4546:259:1213/024638.257245:INFO:CONSOLE(463)] "Ishita logged this : calling the local storage function.", source: https://www.googletagmanager.com/gtag/js?id=AW-851212376&l=dataLayer&cx=c&gtm=453e4cc0za200 (463)
[4546:259:1213/024638.301264:INFO:CONSOLE(461)] "Ishita logged this : going to add gclid_len : commonUtils.getIframingState(dom.getWindow()) =  0", source: https://www.googletagmanager.com/gtag/js?id=AW-851212376&l=dataLayer&cx=c&gtm=453e4cc0za200 (461)
[4546:259:1213/024638.301343:INFO:CONSOLE(462)] "Ishita logged this : after adding gclid_len : commonUtils.getIframingState(dom.getWindow()) =  0", source: https://www.googletagmanager.com/gtag/js?id=AW-851212376&l=dataLayer&cx=c&gtm=453e4cc0za200 (462)
[4546:259:1213/024638.301592:INFO:CONSOLE(463)] "Ishita logged this : in the else block", source: https://www.googletagmanager.com/gtag/js?id=AW-851212376&l=dataLayer&cx=c&gtm=453e4cc0za200 (463)
[4546:259:1213/024638.301665:INFO:CONSOLE(463)] "Ishita logged this : commonUtils.getIframingState(dom.getWindow()) =  0", source: https://www.googletagmanager.com/gtag/js?id=AW-851212376&l=dataLayer&cx=c&gtm=453e4cc0za200 (463)
[4546:259:1213/024638.301981:INFO:CONSOLE(461)] "Ishita logged this : going to add gclid_len : commonUtils.getIframingState(dom.getWindow()) =  0", source: https://www.googletagmanager.com/gtag/js?id=AW-851212376&l=dataLayer&cx=c&gtm=453e4cc0za200 (461)
[4546:259:1213/024638.302064:INFO:CONSOLE(462)] "Ishita logged this : after adding gclid_len : commonUtils.getIframingState(dom.getWindow()) =  0", source: https://www.googletagmanager.com/gtag/js?id=AW-851212376&l=dataLayer&cx=c&gtm=453e4cc0za200 (462)
[4546:259:1213/024638.302583:INFO:CONSOLE(463)] "Ishita logged this : in the else block", source: https://www.googletagmanager.com/gtag/js?id=AW-851212376&l=dataLayer&cx=c&gtm=453e4cc0za200 (463)
[4546:259:1213/024638.302672:INFO:CONSOLE(463)] "Ishita logged this : commonUtils.getIframingState(dom.getWindow()) =  0", source: https://www.googletagmanager.com/gtag/js?id=AW-851212376&l=dataLayer&cx=c&gtm=453e4cc0za200 (463)
[4546:259:1213/024638.306681:INFO:CONSOLE(461)] "Ishita logged this : going to add gclid_len : commonUtils.getIframingState(dom.getWindow()) =  0", source: https://www.googletagmanager.com/gtag/js?id=AW-851212376&l=dataLayer&cx=c&gtm=453e4cc0za200 (461)
[4546:259:1213/024638.306819:INFO:CONSOLE(462)] "Ishita logged this : after adding gclid_len : commonUtils.getIframingState(dom.getWindow()) =  0", source: https://www.googletagmanager.com/gtag/js?id=AW-851212376&l=dataLayer&cx=c&gtm=453e4cc0za200 (462)
[4546:259:1213/024638.307059:INFO:CONSOLE(463)] "Ishita logged this : in the else block", source: https://www.googletagmanager.com/gtag/js?id=AW-851212376&l=dataLayer&cx=c&gtm=453e4cc0za200 (463)
[4546:259:1213/024638.307150:INFO:CONSOLE(463)] "Ishita logged this : commonUtils.getIframingState(dom.getWindow()) =  0", source: https://www.googletagmanager.com/gtag/js?id=AW-851212376&l=dataLayer&cx=c&gtm=453e4cc0za200 (463)
[4546:259:1213/024638.307232:INFO:CONSOLE(463)] "Ishita logged this : calling the local storage function.", source: https://www.googletagmanager.com/gtag/js?id=AW-851212376&l=dataLayer&cx=c&gtm=453e4cc0za200 (463)
[4546:259:1213/024638.312005:INFO:CONSOLE(8)] "visitor.publishDestinations() result: The destination publishing iframe is already attached and loaded.", source: https://platform.linkedin.com/litms/utag/voyager-web-jobs/utag.js?cb=1734075900000 (8)
[4568:14339:1213/024641.513179:WARNING:spdy_session.cc(2975)] Received HEADERS for invalid stream 149
